<?xml version="1.0" encoding="UTF-8"?>
<!-- Generated by org.testng.reporters.JUnitXMLReporter -->
<testsuite ignored="1" hostname="LAPTOP-8UKHKL7O" failures="0" tests="9" name="ChromeTest" time="33.191" errors="0" timestamp="2024-09-29T23:01:00 IST">
  <testcase classname="Ecommerce_Automation.Shopping_app.FlipkartTest" name="searchForProduct" time="2.532"/>
  <testcase classname="Ecommerce_Automation.Shopping_app.FlipkartTest" name="applyPriceFilter" time="8.362"/>
  <testcase classname="Ecommerce_Automation.Shopping_app.FlipkartTest" name="applyStarRatingFilter" time="3.391"/>
  <testcase classname="Ecommerce_Automation.Shopping_app.FlipkartTest" name="sortItemsLowToHigh" time="0.688"/>
  <testcase classname="Ecommerce_Automation.Shopping_app.FlipkartTest" name="selectFifthItem" time="3.474"/>
  <testcase classname="Ecommerce_Automation.Shopping_app.FlipkartTest" name="switchToNewTabAndAddToCart" time="3.381"/>
  <testcase classname="Ecommerce_Automation.Shopping_app.FlipkartTest" name="verifyItemInCart" time="6.905"/>
  <testcase classname="Ecommerce_Automation.Shopping_app.FlipkartTest" name="removeItemFromCart" time="0.226"/>
  <testcase classname="Ecommerce_Automation.Shopping_app.FlipkartTest" name="switchBackToParentTab" time="0.017"/>
  <testcase classname="Ecommerce_Automation.Shopping_app.FlipkartTest" name="verifyItemPrice" time="0.0">
    <ignored/>
  </testcase> <!-- verifyItemPrice -->
</testsuite> <!-- ChromeTest -->
