<?xml version="1.0" encoding="UTF-8"?>
<!-- Generated by org.testng.reporters.JUnitXMLReporter -->
<testsuite ignored="1" hostname="LAPTOP-8UKHKL7O" failures="0" tests="9" name="ChromeTest" time="41.672" errors="0" timestamp="2024-10-02T18:18:44 IST">
  <testcase classname="Ecommerce_Automation.Shopping_app.FlipkartTest" name="searchForProduct" time="5.0"/>
  <testcase classname="Ecommerce_Automation.Shopping_app.FlipkartTest" name="applyPriceFilter" time="8.391"/>
  <testcase classname="Ecommerce_Automation.Shopping_app.FlipkartTest" name="applyStarRatingFilter" time="3.136"/>
  <testcase classname="Ecommerce_Automation.Shopping_app.FlipkartTest" name="sortItemsLowToHigh" time="3.09"/>
  <testcase classname="Ecommerce_Automation.Shopping_app.FlipkartTest" name="selectFifthItem" time="3.124"/>
  <testcase classname="Ecommerce_Automation.Shopping_app.FlipkartTest" name="switchToNewTabAndAddToCart" time="3.372"/>
  <testcase classname="Ecommerce_Automation.Shopping_app.FlipkartTest" name="verifyItemInCart" time="2.694"/>
  <testcase classname="Ecommerce_Automation.Shopping_app.FlipkartTest" name="removeItemFromCart" time="0.16"/>
  <testcase classname="Ecommerce_Automation.Shopping_app.FlipkartTest" name="switchBackToParentTab" time="0.006"/>
  <testcase classname="Ecommerce_Automation.Shopping_app.FlipkartTest" name="verifyItemPrice" time="0.0">
    <ignored/>
  </testcase> <!-- verifyItemPrice -->
</testsuite> <!-- ChromeTest -->
