<?xml version="1.0" encoding="UTF-8"?>
<testng-results ignored="2" total="20" passed="18" failed="0" skipped="0">
  <reporter-output>
  </reporter-output>
  <suite started-at="2024-10-02T18:18:02 IST" name="CrossBrowserTestSuite" finished-at="2024-10-02T18:19:14 IST" duration-ms="71579">
    <groups>
    </groups>
    <test started-at="2024-10-02T18:18:02 IST" name="ChromeTest" finished-at="2024-10-02T18:18:44 IST" duration-ms="41672">
      <class name="Ecommerce_Automation.Shopping_app.FlipkartTest">
        <test-method is-config="true" signature="setUp(java.lang.String)[pri:0, instance:Ecommerce_Automation.Shopping_app.FlipkartTest@62150f9e]" started-at="2024-10-02T18:18:02 IST" name="setUp" finished-at="2024-10-02T18:18:15 IST" duration-ms="12380" status="PASS">
          <params>
            <param index="0">
              <value>
                <![CDATA[chrome]]>
              </value>
            </param>
          </params>
          <reporter-output>
          </reporter-output>
        </test-method> <!-- setUp -->
        <test-method signature="searchForProduct()[pri:2, instance:Ecommerce_Automation.Shopping_app.FlipkartTest@62150f9e]" started-at="2024-10-02T18:18:15 IST" name="searchForProduct" finished-at="2024-10-02T18:18:20 IST" duration-ms="5000" status="PASS">
          <reporter-output>
          </reporter-output>
        </test-method> <!-- searchForProduct -->
        <test-method signature="applyPriceFilter()[pri:3, instance:Ecommerce_Automation.Shopping_app.FlipkartTest@62150f9e]" started-at="2024-10-02T18:18:20 IST" name="applyPriceFilter" finished-at="2024-10-02T18:18:28 IST" duration-ms="8391" status="PASS">
          <reporter-output>
          </reporter-output>
        </test-method> <!-- applyPriceFilter -->
        <test-method signature="applyStarRatingFilter()[pri:4, instance:Ecommerce_Automation.Shopping_app.FlipkartTest@62150f9e]" started-at="2024-10-02T18:18:28 IST" name="applyStarRatingFilter" finished-at="2024-10-02T18:18:31 IST" duration-ms="3136" status="PASS">
          <reporter-output>
          </reporter-output>
        </test-method> <!-- applyStarRatingFilter -->
        <test-method signature="sortItemsLowToHigh()[pri:5, instance:Ecommerce_Automation.Shopping_app.FlipkartTest@62150f9e]" started-at="2024-10-02T18:18:31 IST" name="sortItemsLowToHigh" finished-at="2024-10-02T18:18:34 IST" duration-ms="3090" status="PASS">
          <reporter-output>
          </reporter-output>
        </test-method> <!-- sortItemsLowToHigh -->
        <test-method signature="selectFifthItem()[pri:6, instance:Ecommerce_Automation.Shopping_app.FlipkartTest@62150f9e]" started-at="2024-10-02T18:18:34 IST" name="selectFifthItem" finished-at="2024-10-02T18:18:37 IST" duration-ms="3124" status="PASS">
          <reporter-output>
          </reporter-output>
        </test-method> <!-- selectFifthItem -->
        <test-method signature="switchToNewTabAndAddToCart()[pri:7, instance:Ecommerce_Automation.Shopping_app.FlipkartTest@62150f9e]" started-at="2024-10-02T18:18:37 IST" name="switchToNewTabAndAddToCart" finished-at="2024-10-02T18:18:41 IST" duration-ms="3372" status="PASS">
          <reporter-output>
          </reporter-output>
        </test-method> <!-- switchToNewTabAndAddToCart -->
        <test-method signature="verifyItemInCart()[pri:8, instance:Ecommerce_Automation.Shopping_app.FlipkartTest@62150f9e]" started-at="2024-10-02T18:18:41 IST" name="verifyItemInCart" finished-at="2024-10-02T18:18:43 IST" duration-ms="2694" status="PASS">
          <reporter-output>
          </reporter-output>
        </test-method> <!-- verifyItemInCart -->
        <test-method signature="removeItemFromCart()[pri:10, instance:Ecommerce_Automation.Shopping_app.FlipkartTest@62150f9e]" started-at="2024-10-02T18:18:43 IST" name="removeItemFromCart" finished-at="2024-10-02T18:18:44 IST" duration-ms="160" status="PASS">
          <reporter-output>
          </reporter-output>
        </test-method> <!-- removeItemFromCart -->
        <test-method signature="switchBackToParentTab()[pri:11, instance:Ecommerce_Automation.Shopping_app.FlipkartTest@62150f9e]" started-at="2024-10-02T18:18:44 IST" name="switchBackToParentTab" finished-at="2024-10-02T18:18:44 IST" duration-ms="6" status="PASS">
          <reporter-output>
          </reporter-output>
        </test-method> <!-- switchBackToParentTab -->
        <test-method is-config="true" signature="tearDown()[pri:0, instance:Ecommerce_Automation.Shopping_app.FlipkartTest@62150f9e]" started-at="2024-10-02T18:18:44 IST" name="tearDown" finished-at="2024-10-02T18:18:44 IST" duration-ms="276" status="PASS">
          <reporter-output>
          </reporter-output>
        </test-method> <!-- tearDown -->
      </class> <!-- Ecommerce_Automation.Shopping_app.FlipkartTest -->
    </test> <!-- ChromeTest -->
    <test started-at="2024-10-02T18:18:44 IST" name="EdgeTest" finished-at="2024-10-02T18:19:14 IST" duration-ms="29853">
      <class name="Ecommerce_Automation.Shopping_app.FlipkartTest">
        <test-method is-config="true" signature="setUp(java.lang.String)[pri:0, instance:Ecommerce_Automation.Shopping_app.FlipkartTest@2d7275fc]" started-at="2024-10-02T18:18:44 IST" name="setUp" finished-at="2024-10-02T18:18:48 IST" duration-ms="3633" status="PASS">
          <params>
            <param index="0">
              <value>
                <![CDATA[edge]]>
              </value>
            </param>
          </params>
          <reporter-output>
          </reporter-output>
        </test-method> <!-- setUp -->
        <test-method signature="searchForProduct()[pri:2, instance:Ecommerce_Automation.Shopping_app.FlipkartTest@2d7275fc]" started-at="2024-10-02T18:18:48 IST" name="searchForProduct" finished-at="2024-10-02T18:18:50 IST" duration-ms="2821" status="PASS">
          <reporter-output>
          </reporter-output>
        </test-method> <!-- searchForProduct -->
        <test-method signature="applyPriceFilter()[pri:3, instance:Ecommerce_Automation.Shopping_app.FlipkartTest@2d7275fc]" started-at="2024-10-02T18:18:50 IST" name="applyPriceFilter" finished-at="2024-10-02T18:18:59 IST" duration-ms="8367" status="PASS">
          <reporter-output>
          </reporter-output>
        </test-method> <!-- applyPriceFilter -->
        <test-method signature="applyStarRatingFilter()[pri:4, instance:Ecommerce_Automation.Shopping_app.FlipkartTest@2d7275fc]" started-at="2024-10-02T18:18:59 IST" name="applyStarRatingFilter" finished-at="2024-10-02T18:19:02 IST" duration-ms="3136" status="PASS">
          <reporter-output>
          </reporter-output>
        </test-method> <!-- applyStarRatingFilter -->
        <test-method signature="sortItemsLowToHigh()[pri:5, instance:Ecommerce_Automation.Shopping_app.FlipkartTest@2d7275fc]" started-at="2024-10-02T18:19:02 IST" name="sortItemsLowToHigh" finished-at="2024-10-02T18:19:05 IST" duration-ms="3127" status="PASS">
          <reporter-output>
          </reporter-output>
        </test-method> <!-- sortItemsLowToHigh -->
        <test-method signature="selectFifthItem()[pri:6, instance:Ecommerce_Automation.Shopping_app.FlipkartTest@2d7275fc]" started-at="2024-10-02T18:19:05 IST" name="selectFifthItem" finished-at="2024-10-02T18:19:08 IST" duration-ms="3156" status="PASS">
          <reporter-output>
          </reporter-output>
        </test-method> <!-- selectFifthItem -->
        <test-method signature="switchToNewTabAndAddToCart()[pri:7, instance:Ecommerce_Automation.Shopping_app.FlipkartTest@2d7275fc]" started-at="2024-10-02T18:19:08 IST" name="switchToNewTabAndAddToCart" finished-at="2024-10-02T18:19:11 IST" duration-ms="2399" status="PASS">
          <reporter-output>
          </reporter-output>
        </test-method> <!-- switchToNewTabAndAddToCart -->
        <test-method signature="verifyItemInCart()[pri:8, instance:Ecommerce_Automation.Shopping_app.FlipkartTest@2d7275fc]" started-at="2024-10-02T18:19:11 IST" name="verifyItemInCart" finished-at="2024-10-02T18:19:12 IST" duration-ms="1655" status="PASS">
          <reporter-output>
          </reporter-output>
        </test-method> <!-- verifyItemInCart -->
        <test-method signature="removeItemFromCart()[pri:10, instance:Ecommerce_Automation.Shopping_app.FlipkartTest@2d7275fc]" started-at="2024-10-02T18:19:12 IST" name="removeItemFromCart" finished-at="2024-10-02T18:19:12 IST" duration-ms="184" status="PASS">
          <reporter-output>
          </reporter-output>
        </test-method> <!-- removeItemFromCart -->
        <test-method signature="switchBackToParentTab()[pri:11, instance:Ecommerce_Automation.Shopping_app.FlipkartTest@2d7275fc]" started-at="2024-10-02T18:19:12 IST" name="switchBackToParentTab" finished-at="2024-10-02T18:19:12 IST" duration-ms="8" status="PASS">
          <reporter-output>
          </reporter-output>
        </test-method> <!-- switchBackToParentTab -->
        <test-method is-config="true" signature="tearDown()[pri:0, instance:Ecommerce_Automation.Shopping_app.FlipkartTest@2d7275fc]" started-at="2024-10-02T18:19:12 IST" name="tearDown" finished-at="2024-10-02T18:19:14 IST" duration-ms="1355" status="PASS">
          <reporter-output>
          </reporter-output>
        </test-method> <!-- tearDown -->
      </class> <!-- Ecommerce_Automation.Shopping_app.FlipkartTest -->
    </test> <!-- EdgeTest -->
  </suite> <!-- CrossBrowserTestSuite -->
</testng-results>
