<?xml version="1.0" encoding="UTF-8"?>
<testsuite xmlns:xsi="http://www.w3.org/2001/XMLSchema-instance" xsi:noNamespaceSchemaLocation="https://maven.apache.org/surefire/maven-surefire-plugin/xsd/surefire-test-report-3.0.xsd" version="3.0" name="TestSuite" time="72.009" tests="18" errors="0" skipped="0" failures="0">
  <properties>
[...]
</properties>
  <testcase name="searchForProduct" classname="Ecommerce_Automation.Shopping_app.FlipkartTest" time="5.004">
    <system-err><![CDATA[[main] INFO Ecommerce_Automation.Shopping_app.FlipkartTest - Launching Chrome browser...
Oct 02, 2024 6:18:09 PM org.openqa.selenium.manager.SeleniumManager lambda$runCommand$1
WARNING: Error sending stats to Plausible: error sending request for url (https://plausible.io/api/event)
Oct 02, 2024 6:18:11 PM org.openqa.selenium.devtools.CdpVersionFinder findNearestMatch
WARNING: Unable to find an exact match for CDP version 129, returning the closest version; found: 125; Please update to a Selenium version that supports CDP version 129
[main] INFO Ecommerce_Automation.Shopping_app.FlipkartTest - Navigating to Flipkart...
[main] INFO Ecommerce_Automation.Shopping_app.FlipkartTest - Searching for 'bluetooth speakers'...
]]></system-err>
  </testcase>
  <testcase name="searchForProduct" classname="Ecommerce_Automation.Shopping_app.FlipkartTest" time="2.822">
    <system-err><![CDATA[[main] INFO Ecommerce_Automation.Shopping_app.FlipkartTest - Closing the browser...
[main] INFO Ecommerce_Automation.Shopping_app.FlipkartTest - Launching Edge browser...
Oct 02, 2024 6:18:45 PM org.openqa.selenium.devtools.CdpVersionFinder findNearestMatch
WARNING: Unable to find an exact match for CDP version 129, returning the closest version; found: 125; Please update to a Selenium version that supports CDP version 129
[main] INFO Ecommerce_Automation.Shopping_app.FlipkartTest - Navigating to Flipkart...
[main] INFO Ecommerce_Automation.Shopping_app.FlipkartTest - Searching for 'bluetooth speakers'...
]]></system-err>
  </testcase>
  <testcase name="applyPriceFilter" classname="Ecommerce_Automation.Shopping_app.FlipkartTest" time="8.391">
    <system-err><![CDATA[[main] INFO Ecommerce_Automation.Shopping_app.FlipkartTest - Selecting minimum price of 3000...
[main] INFO Ecommerce_Automation.Shopping_app.FlipkartTest - Selecting maximum price of 10000...
]]></system-err>
  </testcase>
  <testcase name="applyPriceFilter" classname="Ecommerce_Automation.Shopping_app.FlipkartTest" time="8.366">
    <system-err><![CDATA[[main] INFO Ecommerce_Automation.Shopping_app.FlipkartTest - Selecting minimum price of 3000...
[main] INFO Ecommerce_Automation.Shopping_app.FlipkartTest - Selecting maximum price of 10000...
]]></system-err>
  </testcase>
  <testcase name="applyStarRatingFilter" classname="Ecommerce_Automation.Shopping_app.FlipkartTest" time="3.137">
    <system-err><![CDATA[[main] INFO Ecommerce_Automation.Shopping_app.FlipkartTest - Scrolling down the page...
[main] INFO Ecommerce_Automation.Shopping_app.FlipkartTest - Applying 4+ star rating filter...
]]></system-err>
  </testcase>
  <testcase name="applyStarRatingFilter" classname="Ecommerce_Automation.Shopping_app.FlipkartTest" time="3.137">
    <system-err><![CDATA[[main] INFO Ecommerce_Automation.Shopping_app.FlipkartTest - Scrolling down the page...
[main] INFO Ecommerce_Automation.Shopping_app.FlipkartTest - Applying 4+ star rating filter...
]]></system-err>
  </testcase>
  <testcase name="sortItemsLowToHigh" classname="Ecommerce_Automation.Shopping_app.FlipkartTest" time="3.091">
    <system-err><![CDATA[[main] INFO Ecommerce_Automation.Shopping_app.FlipkartTest - Sorting items by 'Price -- Low to High'...
]]></system-err>
  </testcase>
  <testcase name="sortItemsLowToHigh" classname="Ecommerce_Automation.Shopping_app.FlipkartTest" time="3.127">
    <system-err><![CDATA[[main] INFO Ecommerce_Automation.Shopping_app.FlipkartTest - Sorting items by 'Price -- Low to High'...
]]></system-err>
  </testcase>
  <testcase name="selectFifthItem" classname="Ecommerce_Automation.Shopping_app.FlipkartTest" time="3.125">
    <system-err><![CDATA[[main] INFO Ecommerce_Automation.Shopping_app.FlipkartTest - Scrolling down further...
[main] INFO Ecommerce_Automation.Shopping_app.FlipkartTest - Clicking on the 5th item...
]]></system-err>
  </testcase>
  <testcase name="selectFifthItem" classname="Ecommerce_Automation.Shopping_app.FlipkartTest" time="3.156">
    <system-err><![CDATA[[main] INFO Ecommerce_Automation.Shopping_app.FlipkartTest - Scrolling down further...
[main] INFO Ecommerce_Automation.Shopping_app.FlipkartTest - Clicking on the 5th item...
]]></system-err>
  </testcase>
  <testcase name="switchToNewTabAndAddToCart" classname="Ecommerce_Automation.Shopping_app.FlipkartTest" time="3.373">
    <system-err><![CDATA[[main] INFO Ecommerce_Automation.Shopping_app.FlipkartTest - Switched to the new tab...
[main] INFO Ecommerce_Automation.Shopping_app.FlipkartTest - Adding the item to the cart...
]]></system-err>
  </testcase>
  <testcase name="switchToNewTabAndAddToCart" classname="Ecommerce_Automation.Shopping_app.FlipkartTest" time="2.4">
    <system-err><![CDATA[[main] INFO Ecommerce_Automation.Shopping_app.FlipkartTest - Switched to the new tab...
[main] INFO Ecommerce_Automation.Shopping_app.FlipkartTest - Adding the item to the cart...
]]></system-err>
  </testcase>
  <testcase name="verifyItemInCart" classname="Ecommerce_Automation.Shopping_app.FlipkartTest" time="2.695">
    <system-err><![CDATA[[main] INFO Ecommerce_Automation.Shopping_app.FlipkartTest - Verifying the item in the cart...
[main] INFO Ecommerce_Automation.Shopping_app.FlipkartTest - Item count verified successfully!
]]></system-err>
  </testcase>
  <testcase name="verifyItemInCart" classname="Ecommerce_Automation.Shopping_app.FlipkartTest" time="1.655">
    <system-err><![CDATA[[main] INFO Ecommerce_Automation.Shopping_app.FlipkartTest - Verifying the item in the cart...
[main] INFO Ecommerce_Automation.Shopping_app.FlipkartTest - Item count verified successfully!
]]></system-err>
  </testcase>
  <testcase name="removeItemFromCart" classname="Ecommerce_Automation.Shopping_app.FlipkartTest" time="0.16">
    <system-err><![CDATA[[main] INFO Ecommerce_Automation.Shopping_app.FlipkartTest - Removing the item from the cart...
]]></system-err>
  </testcase>
  <testcase name="removeItemFromCart" classname="Ecommerce_Automation.Shopping_app.FlipkartTest" time="0.185">
    <system-err><![CDATA[[main] INFO Ecommerce_Automation.Shopping_app.FlipkartTest - Removing the item from the cart...
]]></system-err>
  </testcase>
  <testcase name="switchBackToParentTab" classname="Ecommerce_Automation.Shopping_app.FlipkartTest" time="0.008">
    <system-err><![CDATA[[main] INFO Ecommerce_Automation.Shopping_app.FlipkartTest - Switched back to the parent tab...
]]></system-err>
  </testcase>
  <testcase name="switchBackToParentTab" classname="Ecommerce_Automation.Shopping_app.FlipkartTest" time="0.011">
    <system-err><![CDATA[[main] INFO Ecommerce_Automation.Shopping_app.FlipkartTest - Switched back to the parent tab...
]]></system-err>
  </testcase>
</testsuite>