<?xml version="1.0" encoding="UTF-8"?>
<testng-results ignored="0" total="20" passed="20" failed="0" skipped="0">
  <reporter-output>
  </reporter-output>
  <suite started-at="2024-09-27T00:36:33 IST" name="CrossBrowserTestSuite" finished-at="2024-09-27T00:37:28 IST" duration-ms="54353">
    <groups>
    </groups>
    <test started-at="2024-09-27T00:36:33 IST" name="ChromeTest" finished-at="2024-09-27T00:36:59 IST" duration-ms="26156">
      <class name="Ecommerce_Automation.Shopping_app.FlipkartTest">
        <test-method is-config="true" signature="setUp(java.lang.String)[pri:0, instance:Ecommerce_Automation.Shopping_app.FlipkartTest@62379589]" started-at="2024-09-27T00:36:33 IST" name="setUp" finished-at="2024-09-27T00:36:37 IST" duration-ms="3655" status="PASS">
          <params>
            <param index="0">
              <value>
                <![CDATA[chrome]]>
              </value>
            </param>
          </params>
          <reporter-output>
          </reporter-output>
        </test-method> <!-- setUp -->
        <test-method signature="searchForProduct()[pri:2, instance:Ecommerce_Automation.Shopping_app.FlipkartTest@62379589]" started-at="2024-09-27T00:36:37 IST" name="searchForProduct" finished-at="2024-09-27T00:36:40 IST" duration-ms="3038" status="PASS">
          <reporter-output>
          </reporter-output>
        </test-method> <!-- searchForProduct -->
        <test-method signature="applyPriceFilter()[pri:3, instance:Ecommerce_Automation.Shopping_app.FlipkartTest@62379589]" started-at="2024-09-27T00:36:40 IST" name="applyPriceFilter" finished-at="2024-09-27T00:36:48 IST" duration-ms="8407" status="PASS">
          <reporter-output>
          </reporter-output>
        </test-method> <!-- applyPriceFilter -->
        <test-method signature="applyStarRatingFilter()[pri:4, instance:Ecommerce_Automation.Shopping_app.FlipkartTest@62379589]" started-at="2024-09-27T00:36:48 IST" name="applyStarRatingFilter" finished-at="2024-09-27T00:36:52 IST" duration-ms="3136" status="PASS">
          <reporter-output>
          </reporter-output>
        </test-method> <!-- applyStarRatingFilter -->
        <test-method signature="sortItemsLowToHigh()[pri:5, instance:Ecommerce_Automation.Shopping_app.FlipkartTest@62379589]" started-at="2024-09-27T00:36:52 IST" name="sortItemsLowToHigh" finished-at="2024-09-27T00:36:52 IST" duration-ms="626" status="PASS">
          <reporter-output>
          </reporter-output>
        </test-method> <!-- sortItemsLowToHigh -->
        <test-method signature="selectFifthItem()[pri:6, instance:Ecommerce_Automation.Shopping_app.FlipkartTest@62379589]" started-at="2024-09-27T00:36:52 IST" name="selectFifthItem" finished-at="2024-09-27T00:36:55 IST" duration-ms="3168" status="PASS">
          <reporter-output>
          </reporter-output>
        </test-method> <!-- selectFifthItem -->
        <test-method signature="switchToNewTabAndAddToCart()[pri:7, instance:Ecommerce_Automation.Shopping_app.FlipkartTest@62379589]" started-at="2024-09-27T00:36:55 IST" name="switchToNewTabAndAddToCart" finished-at="2024-09-27T00:36:58 IST" duration-ms="2439" status="PASS">
          <reporter-output>
          </reporter-output>
        </test-method> <!-- switchToNewTabAndAddToCart -->
        <test-method signature="verifyItemInCart()[pri:8, instance:Ecommerce_Automation.Shopping_app.FlipkartTest@62379589]" started-at="2024-09-27T00:36:58 IST" name="verifyItemInCart" finished-at="2024-09-27T00:36:59 IST" duration-ms="1112" status="PASS">
          <reporter-output>
          </reporter-output>
        </test-method> <!-- verifyItemInCart -->
        <test-method signature="verifyItemPrice()[pri:9, instance:Ecommerce_Automation.Shopping_app.FlipkartTest@62379589]" started-at="2024-09-27T00:36:59 IST" name="verifyItemPrice" finished-at="2024-09-27T00:36:59 IST" duration-ms="41" status="PASS">
          <reporter-output>
          </reporter-output>
        </test-method> <!-- verifyItemPrice -->
        <test-method signature="removeItemFromCart()[pri:10, instance:Ecommerce_Automation.Shopping_app.FlipkartTest@62379589]" started-at="2024-09-27T00:36:59 IST" name="removeItemFromCart" finished-at="2024-09-27T00:36:59 IST" duration-ms="172" status="PASS">
          <reporter-output>
          </reporter-output>
        </test-method> <!-- removeItemFromCart -->
        <test-method signature="switchBackToParentTab()[pri:11, instance:Ecommerce_Automation.Shopping_app.FlipkartTest@62379589]" started-at="2024-09-27T00:36:59 IST" name="switchBackToParentTab" finished-at="2024-09-27T00:36:59 IST" duration-ms="7" status="PASS">
          <reporter-output>
          </reporter-output>
        </test-method> <!-- switchBackToParentTab -->
        <test-method is-config="true" signature="tearDown()[pri:0, instance:Ecommerce_Automation.Shopping_app.FlipkartTest@62379589]" started-at="2024-09-27T00:36:59 IST" name="tearDown" finished-at="2024-09-27T00:36:59 IST" duration-ms="294" status="PASS">
          <reporter-output>
          </reporter-output>
        </test-method> <!-- tearDown -->
      </class> <!-- Ecommerce_Automation.Shopping_app.FlipkartTest -->
    </test> <!-- ChromeTest -->
    <test started-at="2024-09-27T00:37:00 IST" name="EdgeTest" finished-at="2024-09-27T00:37:28 IST" duration-ms="28095">
      <class name="Ecommerce_Automation.Shopping_app.FlipkartTest">
        <test-method is-config="true" signature="setUp(java.lang.String)[pri:0, instance:Ecommerce_Automation.Shopping_app.FlipkartTest@6ed3ccb2]" started-at="2024-09-27T00:37:00 IST" name="setUp" finished-at="2024-09-27T00:37:05 IST" duration-ms="5212" status="PASS">
          <params>
            <param index="0">
              <value>
                <![CDATA[edge]]>
              </value>
            </param>
          </params>
          <reporter-output>
          </reporter-output>
        </test-method> <!-- setUp -->
        <test-method signature="searchForProduct()[pri:2, instance:Ecommerce_Automation.Shopping_app.FlipkartTest@6ed3ccb2]" started-at="2024-09-27T00:37:05 IST" name="searchForProduct" finished-at="2024-09-27T00:37:08 IST" duration-ms="3542" status="PASS">
          <reporter-output>
          </reporter-output>
        </test-method> <!-- searchForProduct -->
        <test-method signature="applyPriceFilter()[pri:3, instance:Ecommerce_Automation.Shopping_app.FlipkartTest@6ed3ccb2]" started-at="2024-09-27T00:37:08 IST" name="applyPriceFilter" finished-at="2024-09-27T00:37:17 IST" duration-ms="8451" status="PASS">
          <reporter-output>
          </reporter-output>
        </test-method> <!-- applyPriceFilter -->
        <test-method signature="applyStarRatingFilter()[pri:4, instance:Ecommerce_Automation.Shopping_app.FlipkartTest@6ed3ccb2]" started-at="2024-09-27T00:37:17 IST" name="applyStarRatingFilter" finished-at="2024-09-27T00:37:20 IST" duration-ms="3197" status="PASS">
          <reporter-output>
          </reporter-output>
        </test-method> <!-- applyStarRatingFilter -->
        <test-method signature="sortItemsLowToHigh()[pri:5, instance:Ecommerce_Automation.Shopping_app.FlipkartTest@6ed3ccb2]" started-at="2024-09-27T00:37:20 IST" name="sortItemsLowToHigh" finished-at="2024-09-27T00:37:21 IST" duration-ms="612" status="PASS">
          <reporter-output>
          </reporter-output>
        </test-method> <!-- sortItemsLowToHigh -->
        <test-method signature="selectFifthItem()[pri:6, instance:Ecommerce_Automation.Shopping_app.FlipkartTest@6ed3ccb2]" started-at="2024-09-27T00:37:21 IST" name="selectFifthItem" finished-at="2024-09-27T00:37:24 IST" duration-ms="3228" status="PASS">
          <reporter-output>
          </reporter-output>
        </test-method> <!-- selectFifthItem -->
        <test-method signature="switchToNewTabAndAddToCart()[pri:7, instance:Ecommerce_Automation.Shopping_app.FlipkartTest@6ed3ccb2]" started-at="2024-09-27T00:37:24 IST" name="switchToNewTabAndAddToCart" finished-at="2024-09-27T00:37:26 IST" duration-ms="1726" status="PASS">
          <reporter-output>
          </reporter-output>
        </test-method> <!-- switchToNewTabAndAddToCart -->
        <test-method signature="verifyItemInCart()[pri:8, instance:Ecommerce_Automation.Shopping_app.FlipkartTest@6ed3ccb2]" started-at="2024-09-27T00:37:26 IST" name="verifyItemInCart" finished-at="2024-09-27T00:37:26 IST" duration-ms="569" status="PASS">
          <reporter-output>
          </reporter-output>
        </test-method> <!-- verifyItemInCart -->
        <test-method signature="verifyItemPrice()[pri:9, instance:Ecommerce_Automation.Shopping_app.FlipkartTest@6ed3ccb2]" started-at="2024-09-27T00:37:26 IST" name="verifyItemPrice" finished-at="2024-09-27T00:37:26 IST" duration-ms="42" status="PASS">
          <reporter-output>
          </reporter-output>
        </test-method> <!-- verifyItemPrice -->
        <test-method signature="removeItemFromCart()[pri:10, instance:Ecommerce_Automation.Shopping_app.FlipkartTest@6ed3ccb2]" started-at="2024-09-27T00:37:26 IST" name="removeItemFromCart" finished-at="2024-09-27T00:37:26 IST" duration-ms="172" status="PASS">
          <reporter-output>
          </reporter-output>
        </test-method> <!-- removeItemFromCart -->
        <test-method signature="switchBackToParentTab()[pri:11, instance:Ecommerce_Automation.Shopping_app.FlipkartTest@6ed3ccb2]" started-at="2024-09-27T00:37:26 IST" name="switchBackToParentTab" finished-at="2024-09-27T00:37:26 IST" duration-ms="5" status="PASS">
          <reporter-output>
          </reporter-output>
        </test-method> <!-- switchBackToParentTab -->
        <test-method is-config="true" signature="tearDown()[pri:0, instance:Ecommerce_Automation.Shopping_app.FlipkartTest@6ed3ccb2]" started-at="2024-09-27T00:37:26 IST" name="tearDown" finished-at="2024-09-27T00:37:28 IST" duration-ms="1315" status="PASS">
          <reporter-output>
          </reporter-output>
        </test-method> <!-- tearDown -->
      </class> <!-- Ecommerce_Automation.Shopping_app.FlipkartTest -->
    </test> <!-- EdgeTest -->
  </suite> <!-- CrossBrowserTestSuite -->
</testng-results>
